<?xml version="1.0" encoding="UTF-8"?><testsuite errors="0" failures="1" name="HU03 - Listar aprendices de un training activo" skipped="0" tests="2" time="65.0" timestamp="2021-12-03 01:47:10"><testcase name="uno - Listar estudiantes rol coach"><failure message="&#10;Expected: an element that is visible&#10;     but: no matching element found by xpath: //*[@id=&quot;container_dashboard&quot;]/div/div/div[1]/div/a" type="java.lang.AssertionError">
Expected: an element that is visible
     but: no matching element found by xpath: //*[@id="container_dashboard"]/div/div/div[1]/div/a</failure><system-err>
Expected: an element that is visible
     but: no matching element found by xpath: //*[@id="container_dashboard"]/div/div/div[1]/div/a&#13;
co.com.sofka.tasks.hu03.DoApprenticeListCoach.performAs(DoApprenticeListCoach.java:20)&#13;
co.com.sofka.stepdefinition.hu03.ListarEstudianteTrainingActivo.escogeUnoAlAzar(ListarEstudianteTrainingActivo.java:68)&#13;
io.cucumber.java.Invoker.invoke(Invoker.java:27)&#13;
io.cucumber.java.JavaStepDefinition.execute(JavaStepDefinition.java:27)&#13;
io.cucumber.core.runner.PickleStepDefinitionMatch.runStep(PickleStepDefinitionMatch.java:63)&#13;
io.cucumber.core.runner.TestStep.executeStep(TestStep.java:64)&#13;
io.cucumber.core.runner.TestStep.run(TestStep.java:49)&#13;
io.cucumber.core.runner.PickleStepTestStep.run(PickleStepTestStep.java:46)&#13;
io.cucumber.core.runner.TestCase.run(TestCase.java:51)&#13;
io.cucumber.core.runner.Runner.runPickle(Runner.java:67)&#13;
io.cucumber.junit.FeatureRunner.runChild(FeatureRunner.java:83)&#13;
io.cucumber.junit.FeatureRunner.runChild(FeatureRunner.java:24)&#13;
io.cucumber.junit.CucumberSerenityRunner.runChild(CucumberSerenityRunner.java:227)&#13;
io.cucumber.junit.CucumberSerenityRunner.runChild(CucumberSerenityRunner.java:54)&#13;
</system-err></testcase><testcase name="dos - Listar estudiantes rol apprentice"/></testsuite>