<?xml version="1.0" encoding="UTF-8"?><testsuite errors="0" failures="1" name="HU07" skipped="0" tests="1" time="24.18" timestamp="2021-12-03 01:53:38"><testcase name="Crear un training en sofkau"><failure message="&#10;Expected: an element that is visible&#10;     but: no matching element found by xpath: //*[@id=&quot;sideBar_menu flex_column_center&quot;]/ul/a[2]&#10;" type="java.lang.AssertionError">
Expected: an element that is visible
     but: no matching element found by xpath: //*[@id="sideBar_menu flex_column_center"]/ul/a[2]
</failure><system-err>
Expected: an element that is visible
     but: no matching element found by xpath: //*[@id="sideBar_menu flex_column_center"]/ul/a[2]
&#13;
co.com.sofka.tasks.hu07.createTraining.CreateTrainingTask.performAs(CreateTrainingTask.java:53)&#13;
co.com.sofka.stepdefinition.hu07.createtrainingstepdefinition.CreateTrainingStepDefinition.elCoahQuiereCrearUnNuevoTraining(CreateTrainingStepDefinition.java:40)&#13;
io.cucumber.java.Invoker.invoke(Invoker.java:27)&#13;
io.cucumber.java.JavaStepDefinition.execute(JavaStepDefinition.java:27)&#13;
io.cucumber.core.runner.PickleStepDefinitionMatch.runStep(PickleStepDefinitionMatch.java:63)&#13;
io.cucumber.core.runner.TestStep.executeStep(TestStep.java:64)&#13;
io.cucumber.core.runner.TestStep.run(TestStep.java:49)&#13;
io.cucumber.core.runner.PickleStepTestStep.run(PickleStepTestStep.java:46)&#13;
io.cucumber.core.runner.TestCase.run(TestCase.java:51)&#13;
io.cucumber.core.runner.Runner.runPickle(Runner.java:67)&#13;
io.cucumber.junit.FeatureRunner.runChild(FeatureRunner.java:83)&#13;
io.cucumber.junit.FeatureRunner.runChild(FeatureRunner.java:24)&#13;
io.cucumber.junit.CucumberSerenityRunner.runChild(CucumberSerenityRunner.java:227)&#13;
io.cucumber.junit.CucumberSerenityRunner.runChild(CucumberSerenityRunner.java:54)&#13;
</system-err></testcase></testsuite>